0.06457146327323099 0.3476385191119531 0.03932374048192035 0.0985698377052068 0.003478298769743019 0.021840462977243548
0.06323490492274736 0.3408531207740818 0.04101301847611861 0.09098598810104952 0.006981977714981405 0.02014147260928957
0.06129779788367009 0.3325770855816794 0.04287097139457274 0.08581212084639735 0.010511425321212927 0.020286492792975282
0.06089709787607642 0.3325839529691074 0.04435907414688431 0.08490991713625641 0.010511425321212927 0.020286492792975282
0.05820045813355495 0.32429598324592124 0.04430653482380456 0.07777715717102472 0.014067039412645505 0.018250562944694054
0.057177853079246416 0.3140047196580705 0.046199071200091923 0.07323415504308721 0.01764922746459481 0.018250562944694054
0.05681921797220327 0.3111854380739566 0.048324901359257696 0.07057543425339854 0.014067039412645505 0.018250562944694054
0.05623135345130755 0.3111492250400592 0.04999275484472729 0.06848043758767954 0.02125840692946459 0.025182034750293503
0.05423675468141968 0.30028911279686143 0.049816097988308515 0.0634215422902333 0.02125840692946459 0.02346452792129687
0.054424352434958384 0.2977655393040114 0.05347959557113793 0.06275253727408289 0.02125840692946459 0.025182034750293503
0.053394779968362296 0.2924458883724196 0.052098210949078134 0.05958826892315206 0.02125840692946459 0.02346452792129687
0.05352972567066361 0.2976111318852219 0.05302189157993747 0.060395843708420896 0.02125840692946459 0.02346452792129687
0.052670838896721306 0.2945286573002686 0.05507779486037677 0.056860362521439084 0.02125840692946459 0.02346452792129687
0.05174589478385941 0.28800901410287966 0.05571023451144099 0.05524374352973648 0.02125840692946459 0.02346452792129687
0.05262686193995263 0.28584330475966546 0.055134524813563936 0.05558257494563039 0.02125840692946459 0.02346452792129687
0.05159666601640028 0.28130823189286375 0.05655928545200342 0.05387890249361891 0.02125840692946459 0.024236758088479984
0.05146704743913434 0.2824090972975792 0.05676289844790367 0.05169479909796626 0.02125840692946459 0.024236758088479984
0.05168008770471943 0.285196537459502 0.05643754707688195 0.054273413984497365 0.0248950055770405 0.02346452792129687
0.051362045620440167 0.28332891383230074 0.05735096704539262 0.052935732973891224 0.01764922746459481 0.024236758088479984
0.05000792385150998 0.2724676442471591 0.05791024330472776 0.048700555834132686 0.02125840692946459 0.017305286282880535
0.050705066539592294 0.2775640653889463 0.058781957901265405 0.05103467323048738 0.02125840692946459 0.017305286282880535
0.05094078416766023 0.2708169236103329 0.058291238385044956 0.04971598047986138 0.02125840692946459 0.017305286282880535
0.050783220412941435 0.2813068417866604 0.05855695124477184 0.05128027348772651 0.02125840692946459 0.024236758088479984
0.05009601417402236 0.27730665749299765 0.059293099560452034 0.04941419446523536 0.02125840692946459 0.017305286282880535
0.049970243631954736 0.27614980903142544 0.05984549431478877 0.04847448008623677 0.02855946184987931 0.017305286282880535
0.05023647069074379 0.2781581807746553 0.05857343240838905 0.05115529223500193 0.0248950055770405 0.017305286282880535
0.049784728686638045 0.27521255256886384 0.05824980816072459 0.04872835566824849 0.0248950055770405 0.017305286282880535
0.050192726067753865 0.2739011349718812 0.0596132984274933 0.0486083048390473 0.02125840692946459 0.017305286282880535
0.05057803505190435 0.28222098743320273 0.059720640035454686 0.050797128167781334 0.02125840692946459 0.017305286282880535
0.04959627091115309 0.2708614400532343 0.061036916442640365 0.047949230101647006 0.02125840692946459 0.017305286282880535
