0 4690.22998046875 13.06123181637087
1 1579.8099365234375 7.307794498810496
2 1122.4649658203125 4.727784054112558
3 1065.677001953125 3.0075660889939324
4 714.784912109375 2.0450007552425786
5 809.4148559570312 1.5185802266353963
6 579.275634765625 1.208190917049491
7 601.486572265625 1.1329017484149235
8 570.0806274414062 0.9683929119304961
9 623.475830078125 0.8932712608004361
10 595.534423828125 0.8799506708614074
11 520.3499755859375 0.8488138193444655
12 525.6363525390625 0.7718042733192678
13 572.2340698242188 0.8132788340437137
14 528.3844604492188 0.7594807323875447
15 490.8147277832031 0.7901115875515196
16 557.0718383789062 0.7907736701871977
17 516.2783813476562 0.8142423355943461
18 568.4200439453125 0.7714392208898608
19 580.85302734375 0.7495725573189985
20 564.2354736328125 0.7567961580468971
21 528.9209594726562 0.7183234668785807
22 508.5575256347656 0.7761540761447968
23 573.4319458007812 0.6437959472007233
24 494.9101867675781 0.6716009871709978
25 487.1136779785156 0.7094225449449264
26 561.87255859375 0.6681402216117036
27 549.6515502929688 0.6410452901091896
28 528.196533203125 0.7605042926449307
29 538.6021118164062 0.7211259369829783
