0.07092645987659918 0.07609784059182681 0.23176040565767883 0.42800573834757955 0.02125840692946459 0.03184685641246779
0.07154665332883106 0.08099671517474323 0.23738419773119818 0.4319875276229586 0.021258406929464645 0.038778328218067246
0.07257403789752118 0.08427983303918736 0.24419609227452352 0.4335285963280285 0.02125840692946459 0.038778328218067246
0.07246005978665727 0.08302048497971498 0.24469081296043038 0.43633592813833955 0.02125840692946459 0.038778328218067246
0.07303712639902687 0.08421294661054812 0.25356023542993233 0.43830636243243637 0.02125840692946459 0.038778328218067246
0.07370170914215585 0.08436852953846305 0.25117123149069864 0.4389735568486207 0.02125840692946459 0.038778328218067246
0.07371926244019622 0.08722410230609656 0.2547471100799807 0.44263651518900604 0.02125840692946459 0.0361620874992445
0.07386280906981525 0.08850291916132252 0.2539109197110973 0.44086108952564595 0.02125840692946459 0.0361620874992445
0.07459909973029213 0.08932155195349423 0.2598904429814622 0.4444046232229577 0.02125840692946459 0.0361620874992445
0.07549336262864766 0.08881806488542629 0.2615877161378045 0.4412657578113306 0.024895005577040503 0.0361620874992445
0.07579511058115644 0.09333831962554966 0.2644372568914654 0.4436976536692675 0.024895005577040503 0.0361620874992445
0.07554983461254346 0.08944061282054544 0.2633321120444111 0.4420291745567171 0.02125840692946459 0.0361620874992445
0.0757344613207975 0.0916910598518825 0.2706180407709434 0.4458866753320273 0.02125840692946459 0.0361620874992445
0.0759680310488789 0.09495401986191548 0.2687899169058488 0.44695138315617866 0.02125840692946459 0.0361620874992445
0.0761776336667235 0.09674442772276903 0.2704775638114543 0.44487973254628266 0.02125840692946459 0.03616208749924451
0.07592208316896408 0.0945678457749999 0.2711429372268444 0.44621791686523216 0.02125840692946459 0.03616208749924451
0.07645720572859481 0.0934318979956377 0.27307610989392794 0.4473073128293593 0.02125840692946459 0.0361620874992445
0.07630474084039374 0.09800900685174388 0.27319711404235636 0.4455913759223942 0.02125840692946459 0.03616208749924451
0.0765993623116745 0.09670037948822424 0.2759936513240069 0.4480869260724619 0.02125840692946459 0.03616208749924451
0.07702652260562434 0.0986524851520307 0.2802407084279891 0.450167791565076 0.02125840692946459 0.03616208749924451
0.07721977697172741 0.09464508029282298 0.2788809924194794 0.44830865328171055 0.02125840692946459 0.03616208749924451
0.07134925165007949 0.07568924417131379 0.2357133077334138 0.43352217592221826 0.02125840692946459 0.03184685641246779
0.07154948703293795 0.07414741509410322 0.23341460343228815 0.43047775722588544 0.02125840692946459 0.03184685641246779
