0 1212.37060546875 0.008233462376640245
1 312.8770751953125 0.0025872181076681705
2 432.0549011230469 0.0015265754798056235
3 432.0246887207031 0.0005830565295367087
4 336.0184631347656 0.00013847600415776816
5 408.0101013183594 0.00014713898833220723
6 384.0124816894531 0.00014007892175302763
7 264.01190185546875 0.0004924656237812759
8 288.01422119140625 4.468702433011713e-05
9 312.0104675292969 2.83336210444417e-05
10 240.00808715820312 6.77083465386469e-05
11 264.0096740722656 0.0003319360023817155
12 384.00830078125 2.146259088120657e-06
13 240.00909423828125 4.307448454466153e-05
14 168.00869750976562 0.00034407207210548614
15 288.00927734375 2.1326539625363998e-05
16 312.00982666015625 0.00017831462429440225
17 240.00643920898438 1.3871781583547075e-05
18 315.0091857910156 1.1769878473944794e-05
19 240.01112365722656 0.00019617349249963724
